d:\other\loongrework\sourcev2\source\vsout\beton\release\beton.lib
d:\other\loongrework\sourcev2\source\vsout\beton\release\beton.exp
d:\other\loongrework\sourcev2\source\game\release\beton.ipdb
d:\other\loongrework\sourcev2\source\game\release\beton.iobj
d:\other\loongrework\sourcev2\source\vsout\beton\release\beton.pch
d:\other\loongrework\sourcev2\source\vsout\beton\release\vc141.pdb
d:\other\loongrework\sourcev2\source\vsout\beton\release\stdafx.obj
d:\other\loongrework\sourcev2\source\vsout\beton\release\streampool.obj
d:\other\loongrework\sourcev2\source\vsout\beton\release\safestreamqueue.obj
d:\other\loongrework\sourcev2\source\vsout\beton\release\queryresult.obj
d:\other\loongrework\sourcev2\source\vsout\beton\release\mysqlstream.obj
d:\other\loongrework\sourcev2\source\vsout\beton\release\field.obj
d:\other\loongrework\sourcev2\source\vsout\beton\release\database.obj
d:\other\loongrework\sourcev2\source\game\release\beton.dll
d:\other\loongrework\sourcev2\source\game\release\beton.pdb
d:\other\loongrework\sourcev2\source\beton\..\game\release\beton.dll
d:\other\loongrework\sourcev2\source\vsout\beton\release\beton.tlog\beton.write.1u.tlog
d:\other\loongrework\sourcev2\source\vsout\beton\release\beton.tlog\cl.command.1.tlog
d:\other\loongrework\sourcev2\source\vsout\beton\release\beton.tlog\cl.read.1.tlog
d:\other\loongrework\sourcev2\source\vsout\beton\release\beton.tlog\cl.write.1.tlog
d:\other\loongrework\sourcev2\source\vsout\beton\release\beton.tlog\link.command.1.tlog
d:\other\loongrework\sourcev2\source\vsout\beton\release\beton.tlog\link.read.1.tlog
d:\other\loongrework\sourcev2\source\vsout\beton\release\beton.tlog\link.write.1.tlog
