d:\other\loongrework\sourcev2\source\vsout\loongdb\release\stdafx.obj
d:\other\loongrework\sourcev2\source\vsout\loongdb\release\loongdb_common.obj
d:\other\loongrework\sourcev2\source\vsout\loongdb\release\loongdb_log.obj
d:\other\loongrework\sourcev2\source\vsout\loongdb\release\loongdbsave.obj
d:\other\loongrework\sourcev2\source\vsout\loongdb\release\loong_famehall.obj
d:\other\loongrework\sourcev2\source\vsout\loongdb\release\loong_register.obj
d:\other\loongrework\sourcev2\source\vsout\loongdb\release\rt_session.obj
d:\other\loongrework\sourcev2\source\vsout\loongdb\release\loongdb_guild.obj
d:\other\loongrework\sourcev2\source\vsout\loongdb\release\loongdbother.obj
d:\other\loongrework\sourcev2\source\vsout\loongdb\release\loong_common.obj
d:\other\loongrework\sourcev2\source\vsout\loongdb\release\loong_log.obj
d:\other\loongrework\sourcev2\source\vsout\loongdb\release\loong_vip_netbar.obj
d:\other\loongrework\sourcev2\source\vsout\loongdb\release\timechecker.obj
d:\other\loongrework\sourcev2\source\vsout\loongdb\release\loongdb.obj
d:\other\loongrework\sourcev2\source\vsout\loongdb\release\loongdb_role.obj
d:\other\loongrework\sourcev2\source\vsout\loongdb\release\loongdbtempmethod.obj
d:\other\loongrework\sourcev2\source\vsout\loongdb\release\loong_guild.obj
d:\other\loongrework\sourcev2\source\vsout\loongdb\release\loong_test.obj
d:\other\loongrework\sourcev2\source\vsout\loongdb\release\main.obj
d:\other\loongrework\sourcev2\source\vsout\loongdb\release\loongdb_famehall.obj
d:\other\loongrework\sourcev2\source\vsout\loongdb\release\loongdbload.obj
d:\other\loongrework\sourcev2\source\vsout\loongdb\release\loong.obj
d:\other\loongrework\sourcev2\source\vsout\loongdb\release\loong_pet.obj
d:\other\loongrework\sourcev2\source\vsout\loongdb\release\loongprocmsg.obj
d:\other\loongrework\sourcev2\source\vsout\loongdb\release\vc141.pdb
d:\other\loongrework\sourcev2\source\game\release\loongdb.exe
d:\other\loongrework\sourcev2\source\game\release\loongdb.pdb
d:\other\loongrework\sourcev2\source\loongdb\..\game\release\loongdb.exe
d:\other\loongrework\sourcev2\source\vsout\loongdb\release\loongdb.tlog\cl.12644.write.1.tlog
d:\other\loongrework\sourcev2\source\vsout\loongdb\release\loongdb.tlog\cl.command.1.tlog
d:\other\loongrework\sourcev2\source\vsout\loongdb\release\loongdb.tlog\cl.read.1.tlog
d:\other\loongrework\sourcev2\source\vsout\loongdb\release\loongdb.tlog\link.command.1.tlog
d:\other\loongrework\sourcev2\source\vsout\loongdb\release\loongdb.tlog\link.read.1.tlog
d:\other\loongrework\sourcev2\source\vsout\loongdb\release\loongdb.tlog\link.write.1.tlog
