d:\other\loongrework\sourcev2\source\vsout\vengine\release\vengine.pch
d:\other\loongrework\sourcev2\source\vsout\vengine\release\vc141.pdb
d:\other\loongrework\sourcev2\source\vsout\vengine\release\stdafx.obj
d:\other\loongrework\sourcev2\source\vsout\vengine\release\console_command.obj
d:\other\loongrework\sourcev2\source\vsout\vengine\release\gui_render.obj
d:\other\loongrework\sourcev2\source\vsout\vengine\release\gui_system.obj
d:\other\loongrework\sourcev2\source\vsout\vengine\release\gui_scrollbar.obj
d:\other\loongrework\sourcev2\source\vsout\vengine\release\gui_staticex.obj
d:\other\loongrework\sourcev2\source\vsout\vengine\release\input_map.obj
d:\other\loongrework\sourcev2\source\vsout\vengine\release\stream_server.obj
d:\other\loongrework\sourcev2\source\vsout\vengine\release\crypt.obj
d:\other\loongrework\sourcev2\source\vsout\vengine\release\transport.obj
d:\other\loongrework\sourcev2\source\vsout\vengine\release\blockingsocket.obj
d:\other\loongrework\sourcev2\source\vsout\vengine\release\ftpclient.obj
d:\other\loongrework\sourcev2\source\vsout\vengine\release\ini_obj.obj
d:\other\loongrework\sourcev2\source\vsout\vengine\release\window_wrap.obj
d:\other\loongrework\sourcev2\source\vsout\vengine\release\debug.obj
d:\other\loongrework\sourcev2\source\vsout\vengine\release\exception.obj
d:\other\loongrework\sourcev2\source\vsout\vengine\release\log.obj
d:\other\loongrework\sourcev2\source\vsout\vengine\release\mini_dump.obj
d:\other\loongrework\sourcev2\source\vsout\vengine\release\audio.obj
d:\other\loongrework\sourcev2\source\vsout\vengine\release\msg_queue.obj
d:\other\loongrework\sourcev2\source\vsout\vengine\release\globe_function.obj
d:\other\loongrework\sourcev2\source\vsout\vengine\release\session.obj
d:\other\loongrework\sourcev2\source\vsout\vengine\release\render.obj
d:\other\loongrework\sourcev2\source\vsout\vengine\release\var_mgr.obj
d:\other\loongrework\sourcev2\source\vsout\vengine\release\cpu_usage.obj
d:\other\loongrework\sourcev2\source\vsout\vengine\release\disciomgr.obj
d:\other\loongrework\sourcev2\source\vsout\vengine\release\process.obj
d:\other\loongrework\sourcev2\source\vsout\vengine\release\sysinfo.obj
d:\other\loongrework\sourcev2\source\vsout\vengine\release\thread.obj
d:\other\loongrework\sourcev2\source\vsout\vengine\release\util.obj
d:\other\loongrework\sourcev2\source\vsout\vengine\release\zipreader.obj
d:\other\loongrework\sourcev2\source\vsout\vengine\release\tinyxmlparser.obj
d:\other\loongrework\sourcev2\source\vsout\vengine\release\lua_script.obj
d:\other\loongrework\sourcev2\source\vsout\vengine\release\fmod_support.obj
d:\other\loongrework\sourcev2\source\vsout\vengine\release\filtermgr.obj
d:\other\loongrework\sourcev2\source\vsout\vengine\release\msg_queue_ts.obj
d:\other\loongrework\sourcev2\source\vsout\vengine\release\globe_table.obj
d:\other\loongrework\sourcev2\source\vsout\vengine\release\interfacemgr.obj
d:\other\loongrework\sourcev2\source\vsout\vengine\release\gui_editor.obj
d:\other\loongrework\sourcev2\source\vsout\vengine\release\gui_button.obj
d:\other\loongrework\sourcev2\source\vsout\vengine\release\gui_combobox.obj
d:\other\loongrework\sourcev2\source\vsout\vengine\release\gui_frame.obj
d:\other\loongrework\sourcev2\source\vsout\vengine\release\gui_framemutex.obj
d:\other\loongrework\sourcev2\source\vsout\vengine\release\gui_httppic.obj
d:\other\loongrework\sourcev2\source\vsout\vengine\release\gui_patch.obj
d:\other\loongrework\sourcev2\source\vsout\vengine\release\gui_progress.obj
d:\other\loongrework\sourcev2\source\vsout\vengine\release\gui_pushbutton.obj
d:\other\loongrework\sourcev2\source\vsout\vengine\release\gui_richeditbox.obj
d:\other\loongrework\sourcev2\source\vsout\vengine\release\gui_virtual.obj
d:\other\loongrework\sourcev2\source\vsout\vengine\release\image_bmp.obj
d:\other\loongrework\sourcev2\source\vsout\vengine\release\image_codec.obj
d:\other\loongrework\sourcev2\source\vsout\vengine\release\image_obj.obj
d:\other\loongrework\sourcev2\source\vsout\vengine\release\image_tga.obj
d:\other\loongrework\sourcev2\source\vsout\vengine\release\mem_map.obj
d:\other\loongrework\sourcev2\source\vsout\vengine\release\mem_pool.obj
d:\other\loongrework\sourcev2\source\vsout\vengine\release\new_protect.obj
d:\other\loongrework\sourcev2\source\vsout\vengine\release\safe_mem_pool.obj
d:\other\loongrework\sourcev2\source\vsout\vengine\release\broadcast.obj
d:\other\loongrework\sourcev2\source\vsout\vengine\release\net_cmd_mgr.obj
d:\other\loongrework\sourcev2\source\vsout\vengine\release\stream_transport.obj
d:\other\loongrework\sourcev2\source\vsout\vengine\release\x_server.obj
d:\other\loongrework\sourcev2\source\vsout\vengine\release\ftplistparse.obj
d:\other\loongrework\sourcev2\source\vsout\vengine\release\gdi_interface.obj
d:\other\loongrework\sourcev2\source\vsout\vengine\release\var_container.obj
d:\other\loongrework\sourcev2\source\vsout\vengine\release\des.obj
d:\other\loongrework\sourcev2\source\vsout\vengine\release\vector.obj
d:\other\loongrework\sourcev2\source\vsout\vengine\release\cpkfast.obj
d:\other\loongrework\sourcev2\source\vsout\vengine\release\tinyxml.obj
d:\other\loongrework\sourcev2\source\vsout\vengine\release\xzip.obj
d:\other\loongrework\sourcev2\source\vsout\vengine\release\console_gui.obj
d:\other\loongrework\sourcev2\source\vsout\vengine\release\gui_wnd.obj
d:\other\loongrework\sourcev2\source\vsout\vengine\release\gui_editbox.obj
d:\other\loongrework\sourcev2\source\vsout\vengine\release\gui_editboxex.obj
d:\other\loongrework\sourcev2\source\vsout\vengine\release\gui_listbox.obj
d:\other\loongrework\sourcev2\source\vsout\vengine\release\gui_static.obj
d:\other\loongrework\sourcev2\source\vsout\vengine\release\gui_tab.obj
d:\other\loongrework\sourcev2\source\vsout\vengine\release\gui_tree.obj
d:\other\loongrework\sourcev2\source\vsout\vengine\release\gui_window.obj
d:\other\loongrework\sourcev2\source\vsout\vengine\release\image_jpeg.obj
d:\other\loongrework\sourcev2\source\vsout\vengine\release\image_png.obj
d:\other\loongrework\sourcev2\source\vsout\vengine\release\input_dx8.obj
d:\other\loongrework\sourcev2\source\vsout\vengine\release\httpdownload.obj
d:\other\loongrework\sourcev2\source\vsout\vengine\release\ping.obj
d:\other\loongrework\sourcev2\source\vsout\vengine\release\unit_pool.obj
d:\other\loongrework\sourcev2\source\vsout\vengine\release\x_client.obj
d:\other\loongrework\sourcev2\source\vsout\vengine\release\ftpdatatypes.obj
d:\other\loongrework\sourcev2\source\vsout\vengine\release\ftpfilestate.obj
d:\other\loongrework\sourcev2\source\vsout\vengine\release\d3d_interface.obj
d:\other\loongrework\sourcev2\source\vsout\vengine\release\stdio_redir.obj
d:\other\loongrework\sourcev2\source\vsout\vengine\release\vfs.obj
d:\other\loongrework\sourcev2\source\vsout\vengine\release\tinyxmlerror.obj
d:\other\loongrework\sourcev2\source\vsout\vengine\release\lua_manager.obj
d:\other\loongrework\sourcev2\source\vsout\vengine\release\minilzo.obj
d:\other\loongrework\sourcev2\source\vsout\vengine\release\system_tray.obj
d:\other\loongrework\sourcev2\source\game\release\vengine.dll
d:\other\loongrework\sourcev2\source\game\release\vengine.pdb
d:\other\loongrework\sourcev2\source\vsout\vengine\release\script1.res
d:\other\loongrework\sourcev2\source\vsout\vengine\release\vengine.lib
d:\other\loongrework\sourcev2\source\vsout\vengine\release\vengine.exp
d:\other\loongrework\sourcev2\source\vengine\..\game\release\vengine.dll
d:\other\loongrework\sourcev2\source\vsout\vengine\release\vengine.tlog\cl.command.1.tlog
d:\other\loongrework\sourcev2\source\vsout\vengine\release\vengine.tlog\cl.read.1.tlog
d:\other\loongrework\sourcev2\source\vsout\vengine\release\vengine.tlog\cl.write.1.tlog
d:\other\loongrework\sourcev2\source\vsout\vengine\release\vengine.tlog\link.command.1.tlog
d:\other\loongrework\sourcev2\source\vsout\vengine\release\vengine.tlog\link.read.1.tlog
d:\other\loongrework\sourcev2\source\vsout\vengine\release\vengine.tlog\link.write.1.tlog
d:\other\loongrework\sourcev2\source\vsout\vengine\release\vengine.tlog\rc.command.1.tlog
d:\other\loongrework\sourcev2\source\vsout\vengine\release\vengine.tlog\rc.read.1.tlog
d:\other\loongrework\sourcev2\source\vsout\vengine\release\vengine.tlog\rc.write.1.tlog
d:\other\loongrework\sourcev2\source\vsout\vengine\release\vengine.tlog\vengine.write.1u.tlog
