d:\other\loongrework\sourcev2\source\vsout\lua\release\vc141.pdb
d:\other\loongrework\sourcev2\source\vsout\lua\release\lparser.obj
d:\other\loongrework\sourcev2\source\vsout\lua\release\loslib.obj
d:\other\loongrework\sourcev2\source\vsout\lua\release\lopcodes.obj
d:\other\loongrework\sourcev2\source\vsout\lua\release\lobject.obj
d:\other\loongrework\sourcev2\source\vsout\lua\release\loadlib.obj
d:\other\loongrework\sourcev2\source\vsout\lua\release\lmem.obj
d:\other\loongrework\sourcev2\source\vsout\lua\release\lmathlib.obj
d:\other\loongrework\sourcev2\source\vsout\lua\release\llex.obj
d:\other\loongrework\sourcev2\source\vsout\lua\release\liolib.obj
d:\other\loongrework\sourcev2\source\vsout\lua\release\linit.obj
d:\other\loongrework\sourcev2\source\vsout\lua\release\lgc.obj
d:\other\loongrework\sourcev2\source\vsout\lua\release\lfunc.obj
d:\other\loongrework\sourcev2\source\vsout\lua\release\ldump.obj
d:\other\loongrework\sourcev2\source\vsout\lua\release\ldo.obj
d:\other\loongrework\sourcev2\source\vsout\lua\release\ldebug.obj
d:\other\loongrework\sourcev2\source\vsout\lua\release\ldblib.obj
d:\other\loongrework\sourcev2\source\vsout\lua\release\lcode.obj
d:\other\loongrework\sourcev2\source\vsout\lua\release\lbaselib.obj
d:\other\loongrework\sourcev2\source\vsout\lua\release\lauxlib.obj
d:\other\loongrework\sourcev2\source\vsout\lua\release\lapi.obj
d:\other\loongrework\sourcev2\source\vsout\lua\release\lzio.obj
d:\other\loongrework\sourcev2\source\vsout\lua\release\lvm.obj
d:\other\loongrework\sourcev2\source\vsout\lua\release\lundump.obj
d:\other\loongrework\sourcev2\source\vsout\lua\release\ltm.obj
d:\other\loongrework\sourcev2\source\vsout\lua\release\ltablib.obj
d:\other\loongrework\sourcev2\source\vsout\lua\release\ltable.obj
d:\other\loongrework\sourcev2\source\vsout\lua\release\lstrlib.obj
d:\other\loongrework\sourcev2\source\vsout\lua\release\lstring.obj
d:\other\loongrework\sourcev2\source\vsout\lua\release\lstate.obj
d:\other\loongrework\sourcev2\source\vsout\lua\release\stdafx.obj
d:\other\loongrework\sourcev2\source\vsout\lua\release\lua.obj
d:\other\loongrework\sourcev2\source\game\release\lua.dll
d:\other\loongrework\sourcev2\source\game\release\lua.pdb
d:\other\loongrework\sourcev2\source\vsout\lua\release\lua.lib
d:\other\loongrework\sourcev2\source\vsout\lua\release\lua.exp
d:\other\loongrework\sourcev2\source\game\release\lua.ipdb
d:\other\loongrework\sourcev2\source\game\release\lua.iobj
d:\other\loongrework\sourcev2\source\lua\..\game\release\lua.dll
d:\other\loongrework\sourcev2\source\vsout\lua\release\lua.tlog\cl.command.1.tlog
d:\other\loongrework\sourcev2\source\vsout\lua\release\lua.tlog\cl.read.1.tlog
d:\other\loongrework\sourcev2\source\vsout\lua\release\lua.tlog\cl.write.1.tlog
d:\other\loongrework\sourcev2\source\vsout\lua\release\lua.tlog\link.command.1.tlog
d:\other\loongrework\sourcev2\source\vsout\lua\release\lua.tlog\link.read.1.tlog
d:\other\loongrework\sourcev2\source\vsout\lua\release\lua.tlog\link.write.1.tlog
d:\other\loongrework\sourcev2\source\vsout\lua\release\lua.tlog\lua.write.1u.tlog
